Arguments: 
  C:\Program Files\nodejs\node.exe C:\Users\ItayI\AppData\Roaming\npm\node_modules\yarn\bin\yarn.js

PATH: 
  C:\Program Files (x86)\Common Files\Oracle\Java\javapath;C:\ProgramData\Oracle\Java\javapath;C:\Program Files (x86)\Intel\iCLS Client\;C:\Program Files\Intel\iCLS Client\;C:\Windows\system32;C:\Windows;C:\Windows\System32\Wbem;C:\Windows\System32\WindowsPowerShell\v1.0\;C:\Program Files (x86)\Intel\Intel(R) Management Engine Components\DAL;C:\Program Files\Intel\Intel(R) Management Engine Components\DAL;C:\Program Files (x86)\Intel\Intel(R) Management Engine Components\IPT;C:\Program Files\Intel\Intel(R) Management Engine Components\IPT;C:\WINDOWS\system32;C:\WINDOWS;C:\WINDOWS\System32\Wbem;C:\WINDOWS\System32\WindowsPowerShell\v1.0\;C:\Program Files (x86)\Windows Kits\10\Windows Performance Toolkit\;C:\Users\ItayI\.dnx\bin;C:\Program Files\Microsoft DNX\Dnvm\;C:\xampp\php;C:\Program Files (x86)\NVIDIA Corporation\PhysX\Common;C:\WINDOWS\system32;C:\WINDOWS;C:\WINDOWS\System32\Wbem;C:\WINDOWS\System32\WindowsPowerShell\v1.0\;C:\WINDOWS\System32\OpenSSH\;C:\Go\bin;C:\Program Files\NVIDIA Corporation\NVIDIA NvDLISR;C:\Program Files\Microsoft VS Code\bin;C:\Program Files\nodejs\;C:\xampp\php\pear\phpDocumentor\graphviz\bin;C:\Program Files\Java\jdk1.8.0_102\bin;C:\Users\ItayI\AppData\Local\Microsoft\WindowsApps;C:\Users\ItayI\go\bin;C:\Users\ItayI\AppData\Roaming\npm;C:\Users\ItayI\AppData\Local\GitHubDesktop\bin

Yarn version: 
  1.13.0

Node version: 
  10.15.0

Platform: 
  win32 x64

Trace: 
  SyntaxError: C:\Users\ItayI\Documents\GitHub\rewireProjectNew\rewire-project\package.json: Unexpected end of JSON input
      at JSON.parse (<anonymous>)
      at C:\Users\ItayI\AppData\Roaming\npm\node_modules\yarn\lib\cli.js:1625:59
      at Generator.next (<anonymous>)
      at step (C:\Users\ItayI\AppData\Roaming\npm\node_modules\yarn\lib\cli.js:304:30)
      at C:\Users\ItayI\AppData\Roaming\npm\node_modules\yarn\lib\cli.js:315:13

npm manifest: 
  

yarn manifest: 
  No manifest

Lockfile: 
  No lockfile
